<?xml version="1.0" encoding="UTF-8"?>
<!-- Generated by org.testng.reporters.JUnitXMLReporter -->
<testsuite ignored="4" hostname="DESKTOP-RIVO21Q" failures="1" tests="1" name="Test(failed)" time="5.1" errors="0" timestamp="2022-11-09T18:29:45 IST">
  <testcase classname="testNG.HowTo_Execute_Failed_TC" name="TC3" time="5.025">
    <failure type="org.testng.internal.thread.ThreadTimeoutException" message="Method testNG.HowTo_Execute_Failed_TC.TC3() didn&amp;apos;t finish within the time-out 5000">
      <![CDATA[org.testng.internal.thread.ThreadTimeoutException: Method testNG.HowTo_Execute_Failed_TC.TC3() didn't finish within the time-out 5000
at java.base/java.util.ArrayList.forEach(ArrayList.java:1511)
... Removed 24 stack frames]]>
    </failure>
  </testcase> <!-- TC3 -->
  <testcase classname="testNG.HowTo_Execute_Failed_TC" name="TC2" time="0.0">
    <ignored/>
  </testcase> <!-- TC2 -->
  <testcase classname="testNG.HowTo_Execute_Failed_TC" name="TC1" time="0.0">
    <ignored/>
  </testcase> <!-- TC1 -->
  <testcase classname="testNG.HowTo_Execute_Failed_TC" name="TC4" time="0.0">
    <ignored/>
  </testcase> <!-- TC4 -->
  <testcase classname="testNG.HowTo_Execute_Failed_TC" name="TC5" time="0.0">
    <ignored/>
  </testcase> <!-- TC5 -->
</testsuite> <!-- Test(failed) -->
